<?xml version="1.0" encoding="UTF-8"?>
<TestRun id="b034edaa-fff8-4b83-a86e-d10d55f5e822" name="Kissinger@KISSINGER-PC 2010-07-31 21:05:50" runUser="Kissinger-PC\Kissinger" xmlns="http://microsoft.com/schemas/VisualStudio/TeamTest/2010">
  <TestSettings name="Local" id="eac800e8-48a9-4df0-a77d-24e4cc3a76e4">
    <Description>These are default test settings for a local test run.</Description>
    <Deployment enabled="false" runDeploymentRoot="Kissinger_KISSINGER-PC 2010-07-31 21_05_50">
      <DeploymentItem filename="D:\My Documents\AlgorithmProjects\Algorithm\LearnAlgorithm\LearnAlgorithm\bin\Debug\LearnAlgorithm.exe" />
    </Deployment>
    <Execution>
      <TestTypeSpecific />
      <AgentRule name="Execution Agents">
      </AgentRule>
    </Execution>
  </TestSettings>
  <Times creation="2010-07-31T21:05:50.8665345+08:00" queuing="2010-07-31T21:05:53.3786782+08:00" start="2010-07-31T21:05:53.5626887+08:00" finish="2010-07-31T21:13:05.3563859+08:00" />
  <ResultSummary outcome="Completed">
    <Counters total="1" executed="1" passed="1" error="0" failed="0" timeout="0" aborted="0" inconclusive="0" passedButRunAborted="0" notRunnable="0" notExecuted="0" disconnected="0" warning="0" completed="0" inProgress="0" pending="0" />
  </ResultSummary>
  <TestDefinitions>
    <UnitTest name="ShellSortTest" storage="d:\my documents\algorithmprojects\algorithm\learnalgorithm\learnalgorithmtest\bin\debug\learnalgorithmtest.dll" id="9cf4d5be-b8ce-4cca-ff49-f78305b053da">
      <Execution id="ca5b1f2a-8f91-4713-9e76-1ffd380f9e07" />
      <TestMethod codeBase="D:/My Documents/AlgorithmProjects/Algorithm/LearnAlgorithm/LearnAlgorithmTest/bin/Debug/LearnAlgorithmTest.DLL" adapterTypeName="Microsoft.VisualStudio.TestTools.TestTypes.Unit.UnitTestAdapter, Microsoft.VisualStudio.QualityTools.Tips.UnitTest.Adapter, Version=10.0.0.0, Culture=neutral, PublicKeyToken=b03f5f7f11d50a3a" className="LearnAlgorithmTest.AdvancedSortingTest, LearnAlgorithmTest, Version=1.0.0.0, Culture=neutral, PublicKeyToken=null" name="ShellSortTest" />
    </UnitTest>
  </TestDefinitions>
  <TestLists>
    <TestList name="Results Not in a List" id="8c84fa94-04c1-424b-9868-57a2d4851a1d" />
    <TestList name="All Loaded Results" id="19431567-8539-422a-85d7-44ee4e166bda" />
  </TestLists>
  <TestEntries>
    <TestEntry testId="9cf4d5be-b8ce-4cca-ff49-f78305b053da" executionId="ca5b1f2a-8f91-4713-9e76-1ffd380f9e07" testListId="8c84fa94-04c1-424b-9868-57a2d4851a1d" />
  </TestEntries>
  <Results>
    <UnitTestResult executionId="ca5b1f2a-8f91-4713-9e76-1ffd380f9e07" testId="9cf4d5be-b8ce-4cca-ff49-f78305b053da" testName="ShellSortTest" computerName="KISSINGER-PC" duration="00:07:10.1482722" startTime="2010-07-31T21:05:53.7186976+08:00" endTime="2010-07-31T21:13:05.2543801+08:00" testType="13cdc9d9-ddb5-4fa4-a97d-d965ccfc6d4b" outcome="Passed" testListId="8c84fa94-04c1-424b-9868-57a2d4851a1d" relativeResultsDirectory="ca5b1f2a-8f91-4713-9e76-1ffd380f9e07">
      <Output>
        <StdOut>0,    1,    2,    3,    4,    5,    6,    7,    8,    9,    10,    11,    12,    
6,    8,    11,    4,    0,    11,    9,    12,    7,    0,    11,    8,    7,    
0,    8,    11,    4,    6,    11,    9,    12,    7,    0,    11,    8,    7,    
0,    8,    11,    4,    6,    11,    9,    12,    7,    0,    11,    8,    7,    
0,    8,    9,    4,    6,    11,    11,    12,    7,    0,    11,    8,    7,    
0,    8,    9,    4,    6,    11,    11,    12,    7,    0,    11,    8,    7,    
0,    8,    9,    4,    6,    11,    11,    12,    7,    0,    11,    8,    7,    
0,    0,    9,    4,    6,    8,    11,    12,    7,    11,    11,    8,    7,    
0,    0,    9,    4,    6,    8,    11,    12,    7,    11,    11,    8,    7,    
0,    0,    9,    4,    6,    8,    11,    8,    7,    11,    11,    12,    7,    
0,    0,    9,    4,    6,    8,    11,    8,    7,    11,    11,    12,    7,    
0,    0,    9,    4,    6,    8,    11,    8,    7,    11,    11,    12,    7,    
0,    0,    9,    4,    6,    8,    11,    8,    7,    11,    11,    12,    7,    
0,    0,    4,    9,    6,    8,    11,    8,    7,    11,    11,    12,    7,    
0,    0,    4,    6,    9,    8,    11,    8,    7,    11,    11,    12,    7,    
0,    0,    4,    6,    8,    9,    11,    8,    7,    11,    11,    12,    7,    
0,    0,    4,    6,    8,    9,    11,    8,    7,    11,    11,    12,    7,    
0,    0,    4,    6,    8,    8,    9,    11,    7,    11,    11,    12,    7,    
0,    0,    4,    6,    7,    8,    8,    9,    11,    11,    11,    12,    7,    
0,    0,    4,    6,    7,    8,    8,    9,    11,    11,    11,    12,    7,    
0,    0,    4,    6,    7,    8,    8,    9,    11,    11,    11,    12,    7,    
0,    0,    4,    6,    7,    8,    8,    9,    11,    11,    11,    12,    7,    
0,    0,    4,    6,    7,    7,    8,    8,    9,    11,    11,    11,    12,    
0,    0,    4,    6,    7,    7,    8,    8,    9,    11,    11,    11,    12,</StdOut>
      </Output>
    </UnitTestResult>
  </Results>
</TestRun>