<?xml version="1.0" encoding="UTF-8"?>
<TestRun id="29b35fc5-5b6a-4191-9325-35f1dbba1db3" name="Kissinger@KISSINGER-PC 2010-08-11 22:21:23" runUser="Kissinger-PC\Kissinger" xmlns="http://microsoft.com/schemas/VisualStudio/TeamTest/2010">
  <TestSettings name="Local" id="eac800e8-48a9-4df0-a77d-24e4cc3a76e4">
    <Description>These are default test settings for a local test run.</Description>
    <Deployment enabled="false" runDeploymentRoot="Kissinger_KISSINGER-PC 2010-08-11 22_21_23">
      <DeploymentItem filename="D:\My Documents\AlgorithmProjects\Algorithm\LearnAlgorithm\LearnAlgorithm\bin\Debug\LearnAlgorithm.exe" />
    </Deployment>
    <Execution>
      <TestTypeSpecific />
      <AgentRule name="Execution Agents">
      </AgentRule>
    </Execution>
  </TestSettings>
  <Times creation="2010-08-11T22:21:23.8400898+08:00" queuing="2010-08-11T22:21:24.8031449+08:00" start="2010-08-11T22:21:25.0221574+08:00" finish="2010-08-11T22:22:24.8425789+08:00" />
  <ResultSummary outcome="Completed">
    <Counters total="1" executed="1" passed="1" error="0" failed="0" timeout="0" aborted="0" inconclusive="0" passedButRunAborted="0" notRunnable="0" notExecuted="0" disconnected="0" warning="0" completed="0" inProgress="0" pending="0" />
  </ResultSummary>
  <TestDefinitions>
    <UnitTest name="QuickSortTest" storage="d:\my documents\algorithmprojects\algorithm\learnalgorithm\learnalgorithmtest\bin\debug\learnalgorithmtest.dll" id="09869a08-9a5f-22e2-fe7d-df9386e7c368">
      <Execution id="25cd3311-38b5-4f6f-8bd6-6375f83be244" />
      <TestMethod codeBase="D:/My Documents/AlgorithmProjects/Algorithm/LearnAlgorithm/LearnAlgorithmTest/bin/Debug/LearnAlgorithmTest.DLL" adapterTypeName="Microsoft.VisualStudio.TestTools.TestTypes.Unit.UnitTestAdapter, Microsoft.VisualStudio.QualityTools.Tips.UnitTest.Adapter, Version=10.0.0.0, Culture=neutral, PublicKeyToken=b03f5f7f11d50a3a" className="LearnAlgorithmTest.AdvancedSortingTest, LearnAlgorithmTest, Version=1.0.0.0, Culture=neutral, PublicKeyToken=null" name="QuickSortTest" />
    </UnitTest>
  </TestDefinitions>
  <TestLists>
    <TestList name="Results Not in a List" id="8c84fa94-04c1-424b-9868-57a2d4851a1d" />
    <TestList name="All Loaded Results" id="19431567-8539-422a-85d7-44ee4e166bda" />
  </TestLists>
  <TestEntries>
    <TestEntry testId="09869a08-9a5f-22e2-fe7d-df9386e7c368" executionId="25cd3311-38b5-4f6f-8bd6-6375f83be244" testListId="8c84fa94-04c1-424b-9868-57a2d4851a1d" />
  </TestEntries>
  <Results>
    <UnitTestResult executionId="25cd3311-38b5-4f6f-8bd6-6375f83be244" testId="09869a08-9a5f-22e2-fe7d-df9386e7c368" testName="QuickSortTest" computerName="KISSINGER-PC" duration="00:00:58.5741425" startTime="2010-08-11T22:21:25.1781663+08:00" endTime="2010-08-11T22:22:24.6675689+08:00" testType="13cdc9d9-ddb5-4fa4-a97d-d965ccfc6d4b" outcome="Passed" testListId="8c84fa94-04c1-424b-9868-57a2d4851a1d" relativeResultsDirectory="25cd3311-38b5-4f6f-8bd6-6375f83be244">
      <Output>
        <StdOut>0,    0,    4,    4,    2,    4,    6,    
0,    0,    2,    4,    2,    4,    6,    
0,    0,    2,    2,    2,    4,    6,    
0,    0,    2,    2,    4,    6,    6,</StdOut>
      </Output>
    </UnitTestResult>
  </Results>
</TestRun>