<?xml version="1.0" encoding="UTF-8"?>
<TestRun id="ae4558c2-6d63-41db-a571-46116dbf1c31" name="Kissinger@KISSINGER-PC 2010-08-20 22:00:00" runUser="Kissinger-PC\Kissinger" xmlns="http://microsoft.com/schemas/VisualStudio/TeamTest/2010">
  <TestSettings name="Local" id="eac800e8-48a9-4df0-a77d-24e4cc3a76e4">
    <Description>These are default test settings for a local test run.</Description>
    <Deployment enabled="false" runDeploymentRoot="Kissinger_KISSINGER-PC 2010-08-20 22_00_00">
      <DeploymentItem filename="D:\My Documents\AlgorithmProjects\Algorithm\LearnAlgorithm\LearnAlgorithm\bin\Debug\LearnAlgorithm.exe" />
    </Deployment>
    <Execution>
      <TestTypeSpecific />
      <AgentRule name="Execution Agents">
      </AgentRule>
    </Execution>
  </TestSettings>
  <Times creation="2010-08-20T22:00:00.2965733+08:00" queuing="2010-08-20T22:00:05.3248609+08:00" start="2010-08-20T22:00:05.7998881+08:00" finish="2010-08-20T22:01:00.8960394+08:00" />
  <ResultSummary outcome="Error">
    <Counters total="1" executed="1" error="0" failed="0" timeout="0" aborted="1" inconclusive="0" passedButRunAborted="0" notRunnable="0" notExecuted="0" disconnected="0" warning="0" passed="0" completed="0" inProgress="0" pending="0" />
    <RunInfos>
      <RunInfo computerName="KISSINGER-PC" outcome="Error" timestamp="2010-08-20T22:01:00.8950394+08:00">
        <Text>Test host process exited unexpectedly.</Text>
      </RunInfo>
    </RunInfos>
  </ResultSummary>
  <TestDefinitions>
    <UnitTest name="GetLongestCommonSubStringTest" storage="d:\my documents\algorithmprojects\algorithm\learnalgorithm\learnalgorithmtest\bin\debug\learnalgorithmtest.dll" id="a9088794-1173-23d7-385b-d3fa50b5a4d3">
      <Execution id="21230527-2606-4863-ba68-984f0145ac97" />
      <TestMethod codeBase="D:/My Documents/AlgorithmProjects/Algorithm/LearnAlgorithm/LearnAlgorithmTest/bin/Debug/LearnAlgorithmTest.DLL" adapterTypeName="Microsoft.VisualStudio.TestTools.TestTypes.Unit.UnitTestAdapter, Microsoft.VisualStudio.QualityTools.Tips.UnitTest.Adapter, Version=10.0.0.0, Culture=neutral, PublicKeyToken=b03f5f7f11d50a3a" className="LearnAlgorithmTest.SelectedTopicsTest, LearnAlgorithmTest, Version=1.0.0.0, Culture=neutral, PublicKeyToken=null" name="GetLongestCommonSubStringTest" />
    </UnitTest>
  </TestDefinitions>
  <TestLists>
    <TestList name="Results Not in a List" id="8c84fa94-04c1-424b-9868-57a2d4851a1d" />
    <TestList name="All Loaded Results" id="19431567-8539-422a-85d7-44ee4e166bda" />
  </TestLists>
  <TestEntries>
    <TestEntry testId="a9088794-1173-23d7-385b-d3fa50b5a4d3" executionId="21230527-2606-4863-ba68-984f0145ac97" testListId="8c84fa94-04c1-424b-9868-57a2d4851a1d" />
  </TestEntries>
  <Results>
    <UnitTestResult executionId="21230527-2606-4863-ba68-984f0145ac97" testId="a9088794-1173-23d7-385b-d3fa50b5a4d3" testName="GetLongestCommonSubStringTest" computerName="KISSINGER-PC" duration="00:00:54.8501372" startTime="2010-08-20T22:00:06.0459022+08:00" endTime="2010-08-20T22:01:00.8960394+08:00" testType="13cdc9d9-ddb5-4fa4-a97d-d965ccfc6d4b" outcome="Aborted" testListId="8c84fa94-04c1-424b-9868-57a2d4851a1d" relativeResultsDirectory="21230527-2606-4863-ba68-984f0145ac97">
    </UnitTestResult>
  </Results>
</TestRun>