<?xml version="1.0" encoding="UTF-8"?>
<TestRun id="28af3998-ae56-4994-b400-7e4cebf5edf1" name="Kissinger@KISSINGER-PC 2010-07-31 21:14:51" runUser="Kissinger-PC\Kissinger" xmlns="http://microsoft.com/schemas/VisualStudio/TeamTest/2010">
  <TestSettings name="Local" id="eac800e8-48a9-4df0-a77d-24e4cc3a76e4">
    <Description>These are default test settings for a local test run.</Description>
    <Deployment enabled="false" runDeploymentRoot="Kissinger_KISSINGER-PC 2010-07-31 21_14_51">
      <DeploymentItem filename="D:\My Documents\AlgorithmProjects\Algorithm\LearnAlgorithm\LearnAlgorithm\bin\Debug\LearnAlgorithm.exe" />
    </Deployment>
    <Execution>
      <TestTypeSpecific />
      <AgentRule name="Execution Agents">
      </AgentRule>
    </Execution>
  </TestSettings>
  <Times creation="2010-07-31T21:14:51.4614548+08:00" queuing="2010-07-31T21:14:52.5975197+08:00" start="2010-07-31T21:14:52.7565288+08:00" finish="2010-07-31T21:15:05.4512549+08:00" />
  <ResultSummary outcome="Completed">
    <Counters total="1" executed="1" passed="1" error="0" failed="0" timeout="0" aborted="0" inconclusive="0" passedButRunAborted="0" notRunnable="0" notExecuted="0" disconnected="0" warning="0" completed="0" inProgress="0" pending="0" />
  </ResultSummary>
  <TestDefinitions>
    <UnitTest name="ShellSortTest" storage="d:\my documents\algorithmprojects\algorithm\learnalgorithm\learnalgorithmtest\bin\debug\learnalgorithmtest.dll" id="9cf4d5be-b8ce-4cca-ff49-f78305b053da">
      <Execution id="35f6448f-125c-4246-ac27-2b6aa12b989d" />
      <TestMethod codeBase="D:/My Documents/AlgorithmProjects/Algorithm/LearnAlgorithm/LearnAlgorithmTest/bin/Debug/LearnAlgorithmTest.DLL" adapterTypeName="Microsoft.VisualStudio.TestTools.TestTypes.Unit.UnitTestAdapter, Microsoft.VisualStudio.QualityTools.Tips.UnitTest.Adapter, Version=10.0.0.0, Culture=neutral, PublicKeyToken=b03f5f7f11d50a3a" className="LearnAlgorithmTest.AdvancedSortingTest, LearnAlgorithmTest, Version=1.0.0.0, Culture=neutral, PublicKeyToken=null" name="ShellSortTest" />
    </UnitTest>
  </TestDefinitions>
  <TestLists>
    <TestList name="Results Not in a List" id="8c84fa94-04c1-424b-9868-57a2d4851a1d" />
    <TestList name="All Loaded Results" id="19431567-8539-422a-85d7-44ee4e166bda" />
  </TestLists>
  <TestEntries>
    <TestEntry testId="9cf4d5be-b8ce-4cca-ff49-f78305b053da" executionId="35f6448f-125c-4246-ac27-2b6aa12b989d" testListId="8c84fa94-04c1-424b-9868-57a2d4851a1d" />
  </TestEntries>
  <Results>
    <UnitTestResult executionId="35f6448f-125c-4246-ac27-2b6aa12b989d" testId="9cf4d5be-b8ce-4cca-ff49-f78305b053da" testName="ShellSortTest" computerName="KISSINGER-PC" duration="00:00:11.0791257" startTime="2010-07-31T21:14:52.8835361+08:00" endTime="2010-07-31T21:15:05.2692445+08:00" testType="13cdc9d9-ddb5-4fa4-a97d-d965ccfc6d4b" outcome="Passed" testListId="8c84fa94-04c1-424b-9868-57a2d4851a1d" relativeResultsDirectory="35f6448f-125c-4246-ac27-2b6aa12b989d">
      <Output>
        <StdOut>0,    1,    2,    3,    4,    5,    6,    7,    8,    9,    10,    11,    12,    13,    14,    15,    16,    17,    18,    19,    20,    
14,    20,    9,    0,    14,    19,    6,    20,    12,    0,    16,    18,    1,    8,    14,    3,    14,    0,    5,    9,    12,    
8,    20,    9,    0,    14,    19,    6,    20,    12,    0,    16,    18,    1,    14,    14,    3,    14,    0,    5,    9,    12,    
8,    14,    9,    0,    14,    19,    6,    20,    12,    0,    16,    18,    1,    14,    20,    3,    14,    0,    5,    9,    12,    
8,    14,    3,    0,    14,    19,    6,    20,    12,    0,    16,    18,    1,    14,    20,    9,    14,    0,    5,    9,    12,    
8,    14,    3,    0,    14,    19,    6,    20,    12,    0,    16,    18,    1,    14,    20,    9,    14,    0,    5,    9,    12,    
8,    14,    3,    0,    0,    19,    6,    20,    12,    0,    16,    18,    1,    14,    20,    9,    14,    14,    5,    9,    12,    
8,    14,    3,    0,    0,    5,    6,    20,    12,    0,    16,    18,    1,    14,    20,    9,    14,    14,    19,    9,    12,    
8,    14,    3,    0,    0,    5,    6,    20,    12,    0,    16,    18,    1,    14,    20,    9,    14,    14,    19,    9,    12,    
8,    14,    3,    0,    0,    5,    6,    12,    12,    0,    16,    18,    1,    14,    20,    9,    14,    14,    19,    9,    20,    
0,    14,    3,    0,    8,    5,    6,    12,    12,    0,    16,    18,    1,    14,    20,    9,    14,    14,    19,    9,    20,    
0,    5,    3,    0,    8,    14,    6,    12,    12,    0,    16,    18,    1,    14,    20,    9,    14,    14,    19,    9,    20,    
0,    5,    3,    0,    8,    14,    6,    12,    12,    0,    16,    18,    1,    14,    20,    9,    14,    14,    19,    9,    20,    
0,    5,    3,    0,    8,    14,    6,    12,    12,    0,    16,    18,    1,    14,    20,    9,    14,    14,    19,    9,    20,    
0,    5,    3,    0,    8,    14,    6,    12,    12,    0,    16,    18,    1,    14,    20,    9,    14,    14,    19,    9,    20,    
0,    0,    3,    0,    8,    5,    6,    12,    12,    14,    16,    18,    1,    14,    20,    9,    14,    14,    19,    9,    20,    
0,    0,    3,    0,    8,    5,    6,    12,    12,    14,    16,    18,    1,    14,    20,    9,    14,    14,    19,    9,    20,    
0,    0,    3,    0,    8,    5,    6,    12,    12,    14,    16,    18,    1,    14,    20,    9,    14,    14,    19,    9,    20,    
0,    0,    3,    0,    1,    5,    6,    12,    8,    14,    16,    18,    12,    14,    20,    9,    14,    14,    19,    9,    20,    
0,    0,    3,    0,    1,    5,    6,    12,    8,    14,    16,    18,    12,    14,    20,    9,    14,    14,    19,    9,    20,    
0,    0,    3,    0,    1,    5,    6,    12,    8,    14,    16,    18,    12,    14,    20,    9,    14,    14,    19,    9,    20,    
0,    0,    3,    0,    1,    5,    6,    9,    8,    14,    16,    12,    12,    14,    20,    18,    14,    14,    19,    9,    20,    
0,    0,    3,    0,    1,    5,    6,    9,    8,    14,    16,    12,    12,    14,    20,    18,    14,    14,    19,    9,    20,    
0,    0,    3,    0,    1,    5,    6,    9,    8,    14,    16,    12,    12,    14,    20,    18,    14,    14,    19,    9,    20,    
0,    0,    3,    0,    1,    5,    6,    9,    8,    14,    16,    12,    12,    14,    19,    18,    14,    14,    20,    9,    20,    
0,    0,    3,    0,    1,    5,    6,    9,    8,    14,    16,    9,    12,    14,    19,    12,    14,    14,    20,    18,    20,    
0,    0,    3,    0,    1,    5,    6,    9,    8,    14,    16,    9,    12,    14,    19,    12,    14,    14,    20,    18,    20,    
0,    0,    3,    0,    1,    5,    6,    9,    8,    14,    16,    9,    12,    14,    19,    12,    14,    14,    20,    18,    20,    
0,    0,    3,    0,    1,    5,    6,    9,    8,    14,    16,    9,    12,    14,    19,    12,    14,    14,    20,    18,    20,    
0,    0,    0,    3,    1,    5,    6,    9,    8,    14,    16,    9,    12,    14,    19,    12,    14,    14,    20,    18,    20,    
0,    0,    0,    1,    3,    5,    6,    9,    8,    14,    16,    9,    12,    14,    19,    12,    14,    14,    20,    18,    20,    
0,    0,    0,    1,    3,    5,    6,    9,    8,    14,    16,    9,    12,    14,    19,    12,    14,    14,    20,    18,    20,    
0,    0,    0,    1,    3,    5,    6,    9,    8,    14,    16,    9,    12,    14,    19,    12,    14,    14,    20,    18,    20,    
0,    0,    0,    1,    3,    5,    6,    9,    8,    14,    16,    9,    12,    14,    19,    12,    14,    14,    20,    18,    20,    
0,    0,    0,    1,    3,    5,    6,    8,    9,    14,    16,    9,    12,    14,    19,    12,    14,    14,    20,    18,    20,    
0,    0,    0,    1,    3,    5,    6,    8,    9,    14,    16,    9,    12,    14,    19,    12,    14,    14,    20,    18,    20,    
0,    0,    0,    1,    3,    5,    6,    8,    9,    14,    16,    9,    12,    14,    19,    12,    14,    14,    20,    18,    20,    
0,    0,    0,    1,    3,    5,    6,    8,    9,    9,    14,    16,    12,    14,    19,    12,    14,    14,    20,    18,    20,    
0,    0,    0,    1,    3,    5,    6,    8,    9,    9,    12,    14,    16,    14,    19,    12,    14,    14,    20,    18,    20,    
0,    0,    0,    1,    3,    5,    6,    8,    9,    9,    12,    14,    14,    16,    19,    12,    14,    14,    20,    18,    20,    
0,    0,    0,    1,    3,    5,    6,    8,    9,    9,    12,    14,    14,    16,    19,    12,    14,    14,    20,    18,    20,    
0,    0,    0,    1,    3,    5,    6,    8,    9,    9,    12,    12,    14,    14,    16,    19,    14,    14,    20,    18,    20,    
0,    0,    0,    1,    3,    5,    6,    8,    9,    9,    12,    12,    14,    14,    14,    16,    19,    14,    20,    18,    20,    
0,    0,    0,    1,    3,    5,    6,    8,    9,    9,    12,    12,    14,    14,    14,    14,    16,    19,    20,    18,    20,    
0,    0,    0,    1,    3,    5,    6,    8,    9,    9,    12,    12,    14,    14,    14,    14,    16,    19,    20,    18,    20,    
0,    0,    0,    1,    3,    5,    6,    8,    9,    9,    12,    12,    14,    14,    14,    14,    16,    18,    19,    20,    20,    
0,    0,    0,    1,    3,    5,    6,    8,    9,    9,    12,    12,    14,    14,    14,    14,    16,    18,    19,    20,    20,    
0,    0,    0,    1,    3,    5,    6,    8,    9,    9,    12,    12,    14,    14,    14,    14,    16,    18,    19,    20,    20,</StdOut>
      </Output>
    </UnitTestResult>
  </Results>
</TestRun>