<?xml version="1.0" encoding="UTF-8"?>
<TestRun id="3c819c2c-b637-40b5-a91c-32051c932e1d" name="Kissinger@KISSINGER-PC 2010-08-11 22:22:51" runUser="Kissinger-PC\Kissinger" xmlns="http://microsoft.com/schemas/VisualStudio/TeamTest/2010">
  <TestSettings name="Local" id="eac800e8-48a9-4df0-a77d-24e4cc3a76e4">
    <Description>These are default test settings for a local test run.</Description>
    <Deployment enabled="false" runDeploymentRoot="Kissinger_KISSINGER-PC 2010-08-11 22_22_51">
      <DeploymentItem filename="D:\My Documents\AlgorithmProjects\Algorithm\LearnAlgorithm\LearnAlgorithm\bin\Debug\LearnAlgorithm.exe" />
    </Deployment>
    <Execution>
      <TestTypeSpecific />
      <AgentRule name="Execution Agents">
      </AgentRule>
    </Execution>
  </TestSettings>
  <Times creation="2010-08-11T22:22:51.7531181+08:00" queuing="2010-08-11T22:22:52.6401689+08:00" start="2010-08-11T22:22:52.8201792+08:00" finish="2010-08-11T22:24:15.8719295+08:00" />
  <ResultSummary outcome="Completed">
    <Counters total="1" executed="1" passed="1" error="0" failed="0" timeout="0" aborted="0" inconclusive="0" passedButRunAborted="0" notRunnable="0" notExecuted="0" disconnected="0" warning="0" completed="0" inProgress="0" pending="0" />
  </ResultSummary>
  <TestDefinitions>
    <UnitTest name="QuickSortTest" storage="d:\my documents\algorithmprojects\algorithm\learnalgorithm\learnalgorithmtest\bin\debug\learnalgorithmtest.dll" id="09869a08-9a5f-22e2-fe7d-df9386e7c368">
      <Execution id="47db1841-7aba-490f-9149-49af8362efab" />
      <TestMethod codeBase="D:/My Documents/AlgorithmProjects/Algorithm/LearnAlgorithm/LearnAlgorithmTest/bin/Debug/LearnAlgorithmTest.DLL" adapterTypeName="Microsoft.VisualStudio.TestTools.TestTypes.Unit.UnitTestAdapter, Microsoft.VisualStudio.QualityTools.Tips.UnitTest.Adapter, Version=10.0.0.0, Culture=neutral, PublicKeyToken=b03f5f7f11d50a3a" className="LearnAlgorithmTest.AdvancedSortingTest, LearnAlgorithmTest, Version=1.0.0.0, Culture=neutral, PublicKeyToken=null" name="QuickSortTest" />
    </UnitTest>
  </TestDefinitions>
  <TestLists>
    <TestList name="Results Not in a List" id="8c84fa94-04c1-424b-9868-57a2d4851a1d" />
    <TestList name="All Loaded Results" id="19431567-8539-422a-85d7-44ee4e166bda" />
  </TestLists>
  <TestEntries>
    <TestEntry testId="09869a08-9a5f-22e2-fe7d-df9386e7c368" executionId="47db1841-7aba-490f-9149-49af8362efab" testListId="8c84fa94-04c1-424b-9868-57a2d4851a1d" />
  </TestEntries>
  <Results>
    <UnitTestResult executionId="47db1841-7aba-490f-9149-49af8362efab" testId="09869a08-9a5f-22e2-fe7d-df9386e7c368" testName="QuickSortTest" computerName="KISSINGER-PC" duration="00:01:22.0417927" startTime="2010-08-11T22:22:52.9381859+08:00" endTime="2010-08-11T22:24:15.7879247+08:00" testType="13cdc9d9-ddb5-4fa4-a97d-d965ccfc6d4b" outcome="Passed" testListId="8c84fa94-04c1-424b-9868-57a2d4851a1d" relativeResultsDirectory="47db1841-7aba-490f-9149-49af8362efab">
      <Output>
        <StdOut>0,    0,    4,    4,    2,    4,    6,    
0,    0,    2,    4,    2,    4,    6,    
0,    0,    2,    2,    2,    4,    6,    
0,    0,    2,    2,    4,    6,    6,</StdOut>
      </Output>
    </UnitTestResult>
  </Results>
</TestRun>