<?xml version="1.0" encoding="UTF-8"?>
<TestRun id="461ef8e3-b77d-483f-bfb3-4d2f57b54fc8" name="Kissinger@KISSINGER-PC 2010-08-19 21:40:42" runUser="Kissinger-PC\Kissinger" xmlns="http://microsoft.com/schemas/VisualStudio/TeamTest/2010">
  <TestSettings name="Local" id="eac800e8-48a9-4df0-a77d-24e4cc3a76e4">
    <Description>These are default test settings for a local test run.</Description>
    <Deployment enabled="false" runDeploymentRoot="Kissinger_KISSINGER-PC 2010-08-19 21_40_42">
      <DeploymentItem filename="D:\My Documents\AlgorithmProjects\Algorithm\LearnAlgorithm\LearnAlgorithm\bin\Debug\LearnAlgorithm.exe" />
    </Deployment>
    <Execution>
      <TestTypeSpecific />
      <AgentRule name="Execution Agents">
      </AgentRule>
    </Execution>
  </TestSettings>
  <Times creation="2010-08-19T21:40:42.7408591+08:00" queuing="2010-08-19T21:40:45.6160236+08:00" start="2010-08-19T21:40:45.9070402+08:00" finish="2010-08-19T21:41:49.4796764+08:00" />
  <ResultSummary outcome="Error">
    <Counters total="1" executed="1" error="0" failed="0" timeout="0" aborted="1" inconclusive="0" passedButRunAborted="0" notRunnable="0" notExecuted="0" disconnected="0" warning="0" passed="0" completed="0" inProgress="0" pending="0" />
    <RunInfos>
      <RunInfo computerName="KISSINGER-PC" outcome="Error" timestamp="2010-08-19T21:41:49.4766762+08:00">
        <Text>Test host process exited unexpectedly.</Text>
      </RunInfo>
    </RunInfos>
  </ResultSummary>
  <TestDefinitions>
    <UnitTest name="GetLongestCommonSubStringTest" storage="d:\my documents\algorithmprojects\algorithm\learnalgorithm\learnalgorithmtest\bin\debug\learnalgorithmtest.dll" id="a9088794-1173-23d7-385b-d3fa50b5a4d3">
      <Execution id="315c6eae-5e0a-479f-ac9a-18aa775f6b07" />
      <TestMethod codeBase="D:/My Documents/AlgorithmProjects/Algorithm/LearnAlgorithm/LearnAlgorithmTest/bin/Debug/LearnAlgorithmTest.DLL" adapterTypeName="Microsoft.VisualStudio.TestTools.TestTypes.Unit.UnitTestAdapter, Microsoft.VisualStudio.QualityTools.Tips.UnitTest.Adapter, Version=10.0.0.0, Culture=neutral, PublicKeyToken=b03f5f7f11d50a3a" className="LearnAlgorithmTest.SelectedTopicsTest, LearnAlgorithmTest, Version=1.0.0.0, Culture=neutral, PublicKeyToken=null" name="GetLongestCommonSubStringTest" />
    </UnitTest>
  </TestDefinitions>
  <TestLists>
    <TestList name="Results Not in a List" id="8c84fa94-04c1-424b-9868-57a2d4851a1d" />
    <TestList name="All Loaded Results" id="19431567-8539-422a-85d7-44ee4e166bda" />
  </TestLists>
  <TestEntries>
    <TestEntry testId="a9088794-1173-23d7-385b-d3fa50b5a4d3" executionId="315c6eae-5e0a-479f-ac9a-18aa775f6b07" testListId="8c84fa94-04c1-424b-9868-57a2d4851a1d" />
  </TestEntries>
  <Results>
    <UnitTestResult executionId="315c6eae-5e0a-479f-ac9a-18aa775f6b07" testId="a9088794-1173-23d7-385b-d3fa50b5a4d3" testName="GetLongestCommonSubStringTest" computerName="KISSINGER-PC" duration="00:01:03.4116270" startTime="2010-08-19T21:40:46.0680494+08:00" endTime="2010-08-19T21:41:49.4796764+08:00" testType="13cdc9d9-ddb5-4fa4-a97d-d965ccfc6d4b" outcome="Aborted" testListId="8c84fa94-04c1-424b-9868-57a2d4851a1d" relativeResultsDirectory="315c6eae-5e0a-479f-ac9a-18aa775f6b07">
    </UnitTestResult>
  </Results>
</TestRun>